{
  "stats": {
    "suites": 2,
    "tests": 6,
    "passes": 6,
    "pending": 0,
    "failures": 0,
    "start": "2023-02-26T13:01:10.660Z",
    "end": "2023-02-26T13:01:23.590Z",
    "duration": 12930,
    "testsRegistered": 6,
    "passPercent": 100,
    "pendingPercent": 0,
    "other": 0,
    "hasOther": false,
    "skipped": 0,
    "hasSkipped": false
  },
  "results": [
    {
      "uuid": "8b94fe5e-2e30-4e15-9733-89e41b28274d",
      "title": "",
      "fullFile": "cypress/e2e/Form.cy.js",
      "file": "cypress/e2e/Form.cy.js",
      "beforeHooks": [],
      "afterHooks": [],
      "tests": [],
      "suites": [
        {
          "uuid": "c3ffafd4-9d06-4520-8ffe-99f6f31c9348",
          "title": "User page",
          "fullFile": "",
          "file": "",
          "beforeHooks": [],
          "afterHooks": [],
          "tests": [
            {
              "title": "Register",
              "fullTitle": "User page Register",
              "timedOut": null,
              "duration": 4406,
              "state": "passed",
              "speed": "fast",
              "pass": true,
              "fail": false,
              "pending": false,
              "context": null,
              "code": "form.fieldForm(this.user.name, this.user.lastName, this.user.businessName, this.user.email);\nform.verifySum();\nform.verifyIfSuccess();",
              "err": {},
              "uuid": "2eadb2ae-cb48-4ec8-b309-eb9039a6ce4d",
              "parentUUID": "c3ffafd4-9d06-4520-8ffe-99f6f31c9348",
              "isHook": false,
              "skipped": false
            }
          ],
          "suites": [],
          "passes": [
            "2eadb2ae-cb48-4ec8-b309-eb9039a6ce4d"
          ],
          "failures": [],
          "pending": [],
          "skipped": [],
          "duration": 4406,
          "root": false,
          "rootEmpty": false,
          "_timeout": 2000
        },
        {
          "uuid": "77562968-c6c4-45ce-8151-765bdd33acf0",
          "title": "mandatory fields",
          "fullFile": "",
          "file": "",
          "beforeHooks": [],
          "afterHooks": [],
          "tests": [
            {
              "title": "do not fill in the name field",
              "fullTitle": "mandatory fields do not fill in the name field",
              "timedOut": null,
              "duration": 1798,
              "state": "passed",
              "speed": "fast",
              "pass": true,
              "fail": false,
              "pending": false,
              "context": null,
              "code": "form.fieldForm('{backspace}', this.user.lastName, this.user.businessName, this.user.email);\nform.verifySum();\nform.mandatoryField(mandatories.firstName);",
              "err": {},
              "uuid": "34a4012e-c9f6-4459-a3a7-dda7be0ef653",
              "parentUUID": "77562968-c6c4-45ce-8151-765bdd33acf0",
              "isHook": false,
              "skipped": false
            },
            {
              "title": "do not fill in the last name field",
              "fullTitle": "mandatory fields do not fill in the last name field",
              "timedOut": null,
              "duration": 1827,
              "state": "passed",
              "speed": "fast",
              "pass": true,
              "fail": false,
              "pending": false,
              "context": null,
              "code": "form.fieldForm(this.user.name, '{backspace}', this.user.businessName, this.user.email);\nform.verifySum();\nform.mandatoryField(mandatories.lastName);",
              "err": {},
              "uuid": "e350ee4e-15a3-4ea2-8a44-ae2328ab2c1a",
              "parentUUID": "77562968-c6c4-45ce-8151-765bdd33acf0",
              "isHook": false,
              "skipped": false
            },
            {
              "title": "do not fill in the business name field",
              "fullTitle": "mandatory fields do not fill in the business name field",
              "timedOut": null,
              "duration": 1583,
              "state": "passed",
              "speed": "fast",
              "pass": true,
              "fail": false,
              "pending": false,
              "context": null,
              "code": "form.fieldForm(this.user.name, this.user.lastName, '{backspace}', this.user.email);\nform.verifySum();\nform.mandatoryField(mandatories.businessName);",
              "err": {},
              "uuid": "4aaac5e6-0c5b-4cda-98b1-2517dd06ca22",
              "parentUUID": "77562968-c6c4-45ce-8151-765bdd33acf0",
              "isHook": false,
              "skipped": false
            },
            {
              "title": "do not fill in the email field",
              "fullTitle": "mandatory fields do not fill in the email field",
              "timedOut": null,
              "duration": 1636,
              "state": "passed",
              "speed": "fast",
              "pass": true,
              "fail": false,
              "pending": false,
              "context": null,
              "code": "form.fieldForm(this.user.name, this.user.lastName, this.user.businessName, '{backspace}');\nform.verifySum();\nform.mandatoryField(mandatories.email);",
              "err": {},
              "uuid": "ba1ea88b-baaf-4816-8b24-c0634eb6771a",
              "parentUUID": "77562968-c6c4-45ce-8151-765bdd33acf0",
              "isHook": false,
              "skipped": false
            },
            {
              "title": "do not fill in the result field",
              "fullTitle": "mandatory fields do not fill in the result field",
              "timedOut": null,
              "duration": 1588,
              "state": "passed",
              "speed": "fast",
              "pass": true,
              "fail": false,
              "pending": false,
              "context": null,
              "code": "form.fieldForm(this.user.name, this.user.lastName, this.user.businessName, this.user.email);\nform.mandatoryField(mandatories.result);",
              "err": {},
              "uuid": "3b4b0ab9-6c61-4b75-8f4f-1e5c90904ebc",
              "parentUUID": "77562968-c6c4-45ce-8151-765bdd33acf0",
              "isHook": false,
              "skipped": false
            }
          ],
          "suites": [],
          "passes": [
            "34a4012e-c9f6-4459-a3a7-dda7be0ef653",
            "e350ee4e-15a3-4ea2-8a44-ae2328ab2c1a",
            "4aaac5e6-0c5b-4cda-98b1-2517dd06ca22",
            "ba1ea88b-baaf-4816-8b24-c0634eb6771a",
            "3b4b0ab9-6c61-4b75-8f4f-1e5c90904ebc"
          ],
          "failures": [],
          "pending": [],
          "skipped": [],
          "duration": 8432,
          "root": false,
          "rootEmpty": false,
          "_timeout": 2000
        }
      ],
      "passes": [],
      "failures": [],
      "pending": [],
      "skipped": [],
      "duration": 0,
      "root": true,
      "rootEmpty": true,
      "_timeout": 2000
    }
  ],
  "meta": {
    "mocha": {
      "version": "7.0.1"
    },
    "mochawesome": {
      "options": {
        "quiet": true,
        "reportFilename": "mochawesome",
        "saveHtml": false,
        "saveJson": true,
        "consoleReporter": "spec",
        "useInlineDiffs": false,
        "code": true
      },
      "version": "7.1.3"
    },
    "marge": {
      "options": {
        "id": "default",
        "reportDir": "mochawesome-report",
        "quiet": true,
        "overwrite": false,
        "html": false,
        "json": true
      },
      "version": "6.2.0"
    }
  }
}