{
  "stats": {
    "suites": 2,
    "tests": 6,
    "passes": 0,
    "pending": 0,
    "failures": 6,
    "start": "2023-07-28T12:31:51.221Z",
    "end": "2023-07-28T12:32:07.698Z",
    "duration": 16477,
    "testsRegistered": 6,
    "passPercent": 0,
    "pendingPercent": 0,
    "other": 0,
    "hasOther": false,
    "skipped": 0,
    "hasSkipped": false
  },
  "results": [
    {
      "uuid": "04ed823f-50fd-4219-a5fb-918b4eb9729c",
      "title": "",
      "fullFile": "cypress/e2e/Form.cy.js",
      "file": "cypress/e2e/Form.cy.js",
      "beforeHooks": [],
      "afterHooks": [],
      "tests": [],
      "suites": [
        {
          "uuid": "2056cbbf-8e45-4fb2-a981-125110a28cf6",
          "title": "User page",
          "fullFile": "",
          "file": "",
          "beforeHooks": [],
          "afterHooks": [],
          "tests": [
            {
              "title": "Register",
              "fullTitle": "User page Register",
              "timedOut": null,
              "duration": 4535,
              "state": "failed",
              "speed": null,
              "pass": false,
              "fail": true,
              "pending": false,
              "context": null,
              "code": "form.fieldForm(this.user.name, this.user.lastName, this.user.businessName, this.user.email);\nform.verifySum();\nform.verifyIfSuccess();",
              "err": {
                "message": "CypressError: `cy.type()` can only be called on a single element. Your subject contained 2 elements.\n\nhttps://on.cypress.io/type",
                "estack": "CypressError: `cy.type()` can only be called on a single element. Your subject contained 2 elements.\n\nhttps://on.cypress.io/type\n    at Context.type (https://phptravels.com/__cypress/runner/cypress_runner.js:143852:76)\n    at wrapped (https://phptravels.com/__cypress/runner/cypress_runner.js:160816:19)\nFrom Your Spec Code:\n    at FormPage.fieldForm (webpack:///./cypress/support/Pages/Form/page.js:8:31)\n    at Context.eval (webpack:///./cypress/e2e/Form.cy.js:23:13)",
                "diff": null
              },
              "uuid": "92b66c13-ba20-45d5-a670-32036aab29a3",
              "parentUUID": "2056cbbf-8e45-4fb2-a981-125110a28cf6",
              "isHook": false,
              "skipped": false
            }
          ],
          "suites": [],
          "passes": [],
          "failures": [
            "92b66c13-ba20-45d5-a670-32036aab29a3"
          ],
          "pending": [],
          "skipped": [],
          "duration": 4535,
          "root": false,
          "rootEmpty": false,
          "_timeout": 2000
        },
        {
          "uuid": "8f2665db-f9b6-4a4f-87b7-c07f79592aad",
          "title": "mandatory fields",
          "fullFile": "",
          "file": "",
          "beforeHooks": [],
          "afterHooks": [],
          "tests": [
            {
              "title": "do not fill in the name field",
              "fullTitle": "mandatory fields do not fill in the name field",
              "timedOut": null,
              "duration": 2155,
              "state": "failed",
              "speed": null,
              "pass": false,
              "fail": true,
              "pending": false,
              "context": null,
              "code": "form.fieldForm('{backspace}', this.user.lastName, this.user.businessName, this.user.email);\nform.verifySum();\nform.mandatoryField(mandatories.firstName);",
              "err": {
                "message": "CypressError: `cy.type()` can only be called on a single element. Your subject contained 2 elements.\n\nhttps://on.cypress.io/type",
                "estack": "CypressError: `cy.type()` can only be called on a single element. Your subject contained 2 elements.\n\nhttps://on.cypress.io/type\n    at Context.type (https://phptravels.com/__cypress/runner/cypress_runner.js:143852:76)\n    at wrapped (https://phptravels.com/__cypress/runner/cypress_runner.js:160816:19)\nFrom Your Spec Code:\n    at FormPage.fieldForm (webpack:///./cypress/support/Pages/Form/page.js:8:31)\n    at Context.eval (webpack:///./cypress/e2e/Form.cy.js:31:13)",
                "diff": null
              },
              "uuid": "37b533c0-563c-48ff-8134-b65d2e95118d",
              "parentUUID": "8f2665db-f9b6-4a4f-87b7-c07f79592aad",
              "isHook": false,
              "skipped": false
            },
            {
              "title": "do not fill in the last name field",
              "fullTitle": "mandatory fields do not fill in the last name field",
              "timedOut": null,
              "duration": 2147,
              "state": "failed",
              "speed": null,
              "pass": false,
              "fail": true,
              "pending": false,
              "context": null,
              "code": "form.fieldForm(this.user.name, '{backspace}', this.user.businessName, this.user.email);\nform.verifySum();\nform.mandatoryField(mandatories.lastName);",
              "err": {
                "message": "CypressError: `cy.type()` can only be called on a single element. Your subject contained 2 elements.\n\nhttps://on.cypress.io/type",
                "estack": "CypressError: `cy.type()` can only be called on a single element. Your subject contained 2 elements.\n\nhttps://on.cypress.io/type\n    at Context.type (https://phptravels.com/__cypress/runner/cypress_runner.js:143852:76)\n    at wrapped (https://phptravels.com/__cypress/runner/cypress_runner.js:160816:19)\nFrom Your Spec Code:\n    at FormPage.fieldForm (webpack:///./cypress/support/Pages/Form/page.js:8:31)\n    at Context.eval (webpack:///./cypress/e2e/Form.cy.js:37:13)",
                "diff": null
              },
              "uuid": "5847397c-567b-45fc-9d74-7422216c3067",
              "parentUUID": "8f2665db-f9b6-4a4f-87b7-c07f79592aad",
              "isHook": false,
              "skipped": false
            },
            {
              "title": "do not fill in the business name field",
              "fullTitle": "mandatory fields do not fill in the business name field",
              "timedOut": null,
              "duration": 2331,
              "state": "failed",
              "speed": null,
              "pass": false,
              "fail": true,
              "pending": false,
              "context": null,
              "code": "form.fieldForm(this.user.name, this.user.lastName, '{backspace}', this.user.email);\nform.verifySum();\nform.mandatoryField(mandatories.businessName);",
              "err": {
                "message": "CypressError: `cy.type()` can only be called on a single element. Your subject contained 2 elements.\n\nhttps://on.cypress.io/type",
                "estack": "CypressError: `cy.type()` can only be called on a single element. Your subject contained 2 elements.\n\nhttps://on.cypress.io/type\n    at Context.type (https://phptravels.com/__cypress/runner/cypress_runner.js:143852:76)\n    at wrapped (https://phptravels.com/__cypress/runner/cypress_runner.js:160816:19)\nFrom Your Spec Code:\n    at FormPage.fieldForm (webpack:///./cypress/support/Pages/Form/page.js:8:31)\n    at Context.eval (webpack:///./cypress/e2e/Form.cy.js:43:13)",
                "diff": null
              },
              "uuid": "4fc5b0f6-a86a-49ff-9656-b5cecf6ca5f8",
              "parentUUID": "8f2665db-f9b6-4a4f-87b7-c07f79592aad",
              "isHook": false,
              "skipped": false
            },
            {
              "title": "do not fill in the email field",
              "fullTitle": "mandatory fields do not fill in the email field",
              "timedOut": null,
              "duration": 2755,
              "state": "failed",
              "speed": null,
              "pass": false,
              "fail": true,
              "pending": false,
              "context": null,
              "code": "form.fieldForm(this.user.name, this.user.lastName, this.user.businessName, '{backspace}');\nform.verifySum();\nform.mandatoryField(mandatories.email);",
              "err": {
                "message": "CypressError: `cy.type()` can only be called on a single element. Your subject contained 2 elements.\n\nhttps://on.cypress.io/type",
                "estack": "CypressError: `cy.type()` can only be called on a single element. Your subject contained 2 elements.\n\nhttps://on.cypress.io/type\n    at Context.type (https://phptravels.com/__cypress/runner/cypress_runner.js:143852:76)\n    at wrapped (https://phptravels.com/__cypress/runner/cypress_runner.js:160816:19)\nFrom Your Spec Code:\n    at FormPage.fieldForm (webpack:///./cypress/support/Pages/Form/page.js:8:31)\n    at Context.eval (webpack:///./cypress/e2e/Form.cy.js:49:13)",
                "diff": null
              },
              "uuid": "0f39003d-e60e-4736-911d-ea8037fc4e30",
              "parentUUID": "8f2665db-f9b6-4a4f-87b7-c07f79592aad",
              "isHook": false,
              "skipped": false
            },
            {
              "title": "do not fill in the result field",
              "fullTitle": "mandatory fields do not fill in the result field",
              "timedOut": null,
              "duration": 2283,
              "state": "failed",
              "speed": null,
              "pass": false,
              "fail": true,
              "pending": false,
              "context": null,
              "code": "form.fieldForm(this.user.name, this.user.lastName, this.user.businessName, this.user.email);\nform.mandatoryField(mandatories.result);",
              "err": {
                "message": "CypressError: `cy.type()` can only be called on a single element. Your subject contained 2 elements.\n\nhttps://on.cypress.io/type",
                "estack": "CypressError: `cy.type()` can only be called on a single element. Your subject contained 2 elements.\n\nhttps://on.cypress.io/type\n    at Context.type (https://phptravels.com/__cypress/runner/cypress_runner.js:143852:76)\n    at wrapped (https://phptravels.com/__cypress/runner/cypress_runner.js:160816:19)\nFrom Your Spec Code:\n    at FormPage.fieldForm (webpack:///./cypress/support/Pages/Form/page.js:8:31)\n    at Context.eval (webpack:///./cypress/e2e/Form.cy.js:55:13)",
                "diff": null
              },
              "uuid": "05af7fa3-b4a9-4233-b2e8-4d1487882519",
              "parentUUID": "8f2665db-f9b6-4a4f-87b7-c07f79592aad",
              "isHook": false,
              "skipped": false
            }
          ],
          "suites": [],
          "passes": [],
          "failures": [
            "37b533c0-563c-48ff-8134-b65d2e95118d",
            "5847397c-567b-45fc-9d74-7422216c3067",
            "4fc5b0f6-a86a-49ff-9656-b5cecf6ca5f8",
            "0f39003d-e60e-4736-911d-ea8037fc4e30",
            "05af7fa3-b4a9-4233-b2e8-4d1487882519"
          ],
          "pending": [],
          "skipped": [],
          "duration": 11671,
          "root": false,
          "rootEmpty": false,
          "_timeout": 2000
        }
      ],
      "passes": [],
      "failures": [],
      "pending": [],
      "skipped": [],
      "duration": 0,
      "root": true,
      "rootEmpty": true,
      "_timeout": 2000
    }
  ],
  "meta": {
    "mocha": {
      "version": "7.0.1"
    },
    "mochawesome": {
      "options": {
        "quiet": true,
        "reportFilename": "mochawesome",
        "saveHtml": false,
        "saveJson": true,
        "consoleReporter": "spec",
        "useInlineDiffs": false,
        "code": true
      },
      "version": "7.1.3"
    },
    "marge": {
      "options": {
        "id": "default",
        "reportDir": "mochawesome-report",
        "quiet": true,
        "overwrite": false,
        "html": false,
        "json": true
      },
      "version": "6.2.0"
    }
  }
}